<?xml version="1.0" encoding="UTF-8"?>
<testng-results ignored="0" total="0" passed="0" failed="0" skipped="0">
  <reporter-output>
  </reporter-output>
  <suite started-at="2022-03-03T17:30:50 IST" name="com.TestCase.TestRunner" finished-at="2022-03-03T17:30:50 IST" duration-ms="7">
    <groups>
    </groups>
    <test started-at="2022-03-03T17:30:50 IST" name="Command line test" finished-at="2022-03-03T17:30:50 IST" duration-ms="7">
    </test> <!-- Command line test -->
  </suite> <!-- com.TestCase.TestRunner -->
</testng-results>
