<?xml version="1.0" encoding="UTF-8"?>
<testng-results ignored="0" total="1" passed="1" failed="0" skipped="0">
  <reporter-output>
  </reporter-output>
  <suite started-at="2022-03-04T10:43:49 IST" name="Command line suite" finished-at="2022-03-04T10:44:21 IST" duration-ms="31294">
    <groups>
    </groups>
    <test started-at="2022-03-04T10:43:49 IST" name="Command line test" finished-at="2022-03-04T10:44:21 IST" duration-ms="31294">
      <class name="com.TestCase.ExportData">
        <test-method is-config="true" signature="setUp()[pri:0, instance:com.TestCase.ExportData@1700915]" started-at="2022-03-04T10:43:49 IST" name="setUp" finished-at="2022-03-04T10:43:52 IST" duration-ms="3062" status="PASS">
          <reporter-output>
          </reporter-output>
        </test-method> <!-- setUp -->
        <test-method signature="exportDataFromQuery()[pri:0, instance:com.TestCase.ExportData@1700915]" started-at="2022-03-04T10:43:52 IST" name="exportDataFromQuery" finished-at="2022-03-04T10:44:20 IST" duration-ms="27489" status="PASS">
          <reporter-output>
          </reporter-output>
        </test-method> <!-- exportDataFromQuery -->
        <test-method is-config="true" signature="tearUp()[pri:0, instance:com.TestCase.ExportData@1700915]" started-at="2022-03-04T10:44:20 IST" name="tearUp" finished-at="2022-03-04T10:44:21 IST" duration-ms="723" status="PASS">
          <reporter-output>
          </reporter-output>
        </test-method> <!-- tearUp -->
      </class> <!-- com.TestCase.ExportData -->
    </test> <!-- Command line test -->
  </suite> <!-- Command line suite -->
</testng-results>
